{"/Users/ianc/unicorn/plant-scraper/src/index.ts": {"path":"/Users/ianc/unicorn/plant-scraper/src/index.ts","all":false,"statementMap":{"0":{"start":{"line":1,"column":0},"end":{"line":1,"column":39}},"1":{"start":{"line":2,"column":0},"end":{"line":2,"column":0}},"2":{"start":{"line":3,"column":0},"end":{"line":3,"column":9}},"3":{"start":{"line":4,"column":0},"end":{"line":4,"column":13}},"4":{"start":{"line":5,"column":0},"end":{"line":5,"column":19}},"5":{"start":{"line":6,"column":0},"end":{"line":6,"column":21}},"6":{"start":{"line":7,"column":0},"end":{"line":7,"column":17}},"7":{"start":{"line":8,"column":0},"end":{"line":8,"column":23}},"8":{"start":{"line":9,"column":0},"end":{"line":9,"column":20}},"9":{"start":{"line":10,"column":0},"end":{"line":10,"column":0}},"10":{"start":{"line":11,"column":0},"end":{"line":11,"column":8}},"11":{"start":{"line":12,"column":0},"end":{"line":12,"column":15}},"12":{"start":{"line":13,"column":0},"end":{"line":13,"column":12}},"13":{"start":{"line":14,"column":0},"end":{"line":14,"column":18}},"14":{"start":{"line":15,"column":0},"end":{"line":15,"column":20}},"15":{"start":{"line":16,"column":0},"end":{"line":16,"column":17}},"16":{"start":{"line":17,"column":0},"end":{"line":17,"column":23}},"17":{"start":{"line":18,"column":0},"end":{"line":18,"column":1}}},"s":{"0":1,"1":1,"2":1,"3":1,"4":1,"5":1,"6":1,"7":1,"8":1,"9":1,"10":1,"11":1,"12":1,"13":1,"14":1,"15":1,"16":1,"17":1},"branchMap":{},"b":{},"fnMap":{},"f":{}}
,"/Users/ianc/unicorn/plant-scraper/src/models.ts": {"path":"/Users/ianc/unicorn/plant-scraper/src/models.ts","all":false,"statementMap":{"0":{"start":{"line":1,"column":0},"end":{"line":1,"column":31}},"1":{"start":{"line":2,"column":0},"end":{"line":2,"column":21}},"2":{"start":{"line":3,"column":0},"end":{"line":3,"column":22}},"3":{"start":{"line":4,"column":0},"end":{"line":4,"column":21}},"4":{"start":{"line":5,"column":0},"end":{"line":5,"column":20}},"5":{"start":{"line":6,"column":0},"end":{"line":6,"column":20}},"6":{"start":{"line":7,"column":0},"end":{"line":7,"column":22}},"7":{"start":{"line":8,"column":0},"end":{"line":8,"column":20}},"8":{"start":{"line":9,"column":0},"end":{"line":9,"column":18}},"9":{"start":{"line":10,"column":0},"end":{"line":10,"column":22}},"10":{"start":{"line":11,"column":0},"end":{"line":11,"column":23}},"11":{"start":{"line":12,"column":0},"end":{"line":12,"column":27}},"12":{"start":{"line":13,"column":0},"end":{"line":13,"column":28}},"13":{"start":{"line":14,"column":0},"end":{"line":14,"column":33}},"14":{"start":{"line":15,"column":0},"end":{"line":15,"column":23}},"15":{"start":{"line":16,"column":0},"end":{"line":16,"column":23}},"16":{"start":{"line":17,"column":0},"end":{"line":17,"column":17}},"17":{"start":{"line":18,"column":0},"end":{"line":18,"column":16}},"18":{"start":{"line":19,"column":0},"end":{"line":19,"column":24}},"19":{"start":{"line":20,"column":0},"end":{"line":20,"column":23}},"20":{"start":{"line":21,"column":0},"end":{"line":21,"column":21}},"21":{"start":{"line":22,"column":0},"end":{"line":22,"column":22}},"22":{"start":{"line":23,"column":0},"end":{"line":23,"column":15}},"23":{"start":{"line":24,"column":0},"end":{"line":24,"column":23}},"24":{"start":{"line":25,"column":0},"end":{"line":25,"column":25}},"25":{"start":{"line":26,"column":0},"end":{"line":26,"column":22}},"26":{"start":{"line":27,"column":0},"end":{"line":27,"column":19}},"27":{"start":{"line":28,"column":0},"end":{"line":28,"column":22}},"28":{"start":{"line":29,"column":0},"end":{"line":29,"column":21}},"29":{"start":{"line":30,"column":0},"end":{"line":30,"column":21}},"30":{"start":{"line":31,"column":0},"end":{"line":31,"column":1}}},"s":{"0":1,"1":1,"2":1,"3":1,"4":1,"5":1,"6":1,"7":1,"8":1,"9":1,"10":1,"11":1,"12":1,"13":1,"14":1,"15":1,"16":1,"17":1,"18":1,"19":1,"20":1,"21":1,"22":1,"23":1,"24":1,"25":1,"26":1,"27":1,"28":1,"29":1,"30":1},"branchMap":{},"b":{},"fnMap":{},"f":{}}
,"/Users/ianc/unicorn/plant-scraper/src/utils.ts": {"path":"/Users/ianc/unicorn/plant-scraper/src/utils.ts","all":false,"statementMap":{"0":{"start":{"line":1,"column":0},"end":{"line":1,"column":26}},"1":{"start":{"line":2,"column":0},"end":{"line":2,"column":37}},"2":{"start":{"line":3,"column":0},"end":{"line":3,"column":31}},"3":{"start":{"line":4,"column":0},"end":{"line":4,"column":40}},"4":{"start":{"line":5,"column":0},"end":{"line":5,"column":26}},"5":{"start":{"line":6,"column":0},"end":{"line":6,"column":28}},"6":{"start":{"line":7,"column":0},"end":{"line":7,"column":16}},"7":{"start":{"line":8,"column":0},"end":{"line":8,"column":0}},"8":{"start":{"line":9,"column":0},"end":{"line":9,"column":74}},"9":{"start":{"line":10,"column":0},"end":{"line":10,"column":60}},"10":{"start":{"line":11,"column":0},"end":{"line":11,"column":0}},"11":{"start":{"line":12,"column":0},"end":{"line":12,"column":43}},"12":{"start":{"line":13,"column":0},"end":{"line":13,"column":76}},"13":{"start":{"line":14,"column":0},"end":{"line":14,"column":7}},"14":{"start":{"line":15,"column":0},"end":{"line":15,"column":42}},"15":{"start":{"line":16,"column":0},"end":{"line":16,"column":31}},"16":{"start":{"line":17,"column":0},"end":{"line":17,"column":14}},"17":{"start":{"line":18,"column":0},"end":{"line":18,"column":43}},"18":{"start":{"line":19,"column":0},"end":{"line":19,"column":16}},"19":{"start":{"line":20,"column":0},"end":{"line":20,"column":3}},"20":{"start":{"line":21,"column":0},"end":{"line":21,"column":2}},"21":{"start":{"line":22,"column":0},"end":{"line":22,"column":0}},"22":{"start":{"line":23,"column":0},"end":{"line":23,"column":37}},"23":{"start":{"line":24,"column":0},"end":{"line":24,"column":82}},"24":{"start":{"line":25,"column":0},"end":{"line":25,"column":39}},"25":{"start":{"line":26,"column":0},"end":{"line":26,"column":0}},"26":{"start":{"line":27,"column":0},"end":{"line":27,"column":34}},"27":{"start":{"line":28,"column":0},"end":{"line":28,"column":44}},"28":{"start":{"line":29,"column":0},"end":{"line":29,"column":3}},"29":{"start":{"line":30,"column":0},"end":{"line":30,"column":0}},"30":{"start":{"line":31,"column":0},"end":{"line":31,"column":41}},"31":{"start":{"line":32,"column":0},"end":{"line":32,"column":23}},"32":{"start":{"line":33,"column":0},"end":{"line":33,"column":3}},"33":{"start":{"line":34,"column":0},"end":{"line":34,"column":25}},"34":{"start":{"line":35,"column":0},"end":{"line":35,"column":1}},"35":{"start":{"line":36,"column":0},"end":{"line":36,"column":0}},"36":{"start":{"line":37,"column":0},"end":{"line":37,"column":35}},"37":{"start":{"line":38,"column":0},"end":{"line":38,"column":33}},"38":{"start":{"line":39,"column":0},"end":{"line":39,"column":82}},"39":{"start":{"line":40,"column":0},"end":{"line":40,"column":29}},"40":{"start":{"line":41,"column":0},"end":{"line":41,"column":0}},"41":{"start":{"line":42,"column":0},"end":{"line":42,"column":10}},"42":{"start":{"line":43,"column":0},"end":{"line":43,"column":29}},"43":{"start":{"line":44,"column":0},"end":{"line":44,"column":40}},"44":{"start":{"line":45,"column":0},"end":{"line":45,"column":108}},"45":{"start":{"line":46,"column":0},"end":{"line":46,"column":72}},"46":{"start":{"line":47,"column":0},"end":{"line":47,"column":24}},"47":{"start":{"line":48,"column":0},"end":{"line":48,"column":7}},"48":{"start":{"line":49,"column":0},"end":{"line":49,"column":3}},"49":{"start":{"line":50,"column":0},"end":{"line":50,"column":30}},"50":{"start":{"line":51,"column":0},"end":{"line":51,"column":1}},"51":{"start":{"line":52,"column":0},"end":{"line":52,"column":0}},"52":{"start":{"line":53,"column":0},"end":{"line":53,"column":67}},"53":{"start":{"line":54,"column":0},"end":{"line":54,"column":31}},"54":{"start":{"line":55,"column":0},"end":{"line":55,"column":58}},"55":{"start":{"line":56,"column":0},"end":{"line":56,"column":3}},"56":{"start":{"line":57,"column":0},"end":{"line":57,"column":2}},"57":{"start":{"line":58,"column":0},"end":{"line":58,"column":42}},"58":{"start":{"line":59,"column":0},"end":{"line":59,"column":45}},"59":{"start":{"line":60,"column":0},"end":{"line":60,"column":1}},"60":{"start":{"line":61,"column":0},"end":{"line":61,"column":40}},"61":{"start":{"line":62,"column":0},"end":{"line":62,"column":18}},"62":{"start":{"line":63,"column":0},"end":{"line":63,"column":1}},"63":{"start":{"line":64,"column":0},"end":{"line":64,"column":0}},"64":{"start":{"line":65,"column":0},"end":{"line":65,"column":0}},"65":{"start":{"line":66,"column":0},"end":{"line":66,"column":0}},"66":{"start":{"line":67,"column":0},"end":{"line":67,"column":61}},"67":{"start":{"line":68,"column":0},"end":{"line":68,"column":41}},"68":{"start":{"line":69,"column":0},"end":{"line":69,"column":38}},"69":{"start":{"line":70,"column":0},"end":{"line":70,"column":11}},"70":{"start":{"line":71,"column":0},"end":{"line":71,"column":3}},"71":{"start":{"line":72,"column":0},"end":{"line":72,"column":0}},"72":{"start":{"line":73,"column":0},"end":{"line":73,"column":53}},"73":{"start":{"line":74,"column":0},"end":{"line":74,"column":33}},"74":{"start":{"line":75,"column":0},"end":{"line":75,"column":11}},"75":{"start":{"line":76,"column":0},"end":{"line":76,"column":3}},"76":{"start":{"line":77,"column":0},"end":{"line":77,"column":63}},"77":{"start":{"line":78,"column":0},"end":{"line":78,"column":0}},"78":{"start":{"line":79,"column":0},"end":{"line":79,"column":42}},"79":{"start":{"line":80,"column":0},"end":{"line":80,"column":11}},"80":{"start":{"line":81,"column":0},"end":{"line":81,"column":3}},"81":{"start":{"line":82,"column":0},"end":{"line":82,"column":0}},"82":{"start":{"line":83,"column":0},"end":{"line":83,"column":61}},"83":{"start":{"line":84,"column":0},"end":{"line":84,"column":0}},"84":{"start":{"line":85,"column":0},"end":{"line":85,"column":62}},"85":{"start":{"line":86,"column":0},"end":{"line":86,"column":0}},"86":{"start":{"line":87,"column":0},"end":{"line":87,"column":34}},"87":{"start":{"line":88,"column":0},"end":{"line":88,"column":11}},"88":{"start":{"line":89,"column":0},"end":{"line":89,"column":3}},"89":{"start":{"line":90,"column":0},"end":{"line":90,"column":0}},"90":{"start":{"line":91,"column":0},"end":{"line":91,"column":70}},"91":{"start":{"line":92,"column":0},"end":{"line":92,"column":27}},"92":{"start":{"line":93,"column":0},"end":{"line":93,"column":2}}},"s":{"0":1,"1":1,"2":1,"3":1,"4":1,"5":1,"6":1,"7":1,"8":1,"9":1,"10":1,"11":1,"12":1,"13":9,"14":9,"15":9,"16":9,"17":2,"18":2,"19":2,"20":9,"21":1,"22":1,"23":1,"24":4,"25":4,"26":4,"27":4,"28":4,"29":4,"30":4,"31":3,"32":3,"33":1,"34":1,"35":1,"36":1,"37":1,"38":1,"39":2,"40":2,"41":2,"42":2,"43":68,"44":68,"45":68,"46":68,"47":2,"48":2,"49":2,"50":2,"51":1,"52":1,"53":3,"54":0,"55":0,"56":3,"57":3,"58":3,"59":3,"60":3,"61":3,"62":3,"63":1,"64":1,"65":1,"66":1,"67":1,"68":1,"69":0,"70":0,"71":1,"72":1,"73":1,"74":0,"75":0,"76":1,"77":1,"78":1,"79":0,"80":0,"81":1,"82":1,"83":1,"84":1,"85":1,"86":1,"87":0,"88":0,"89":1,"90":1,"91":1,"92":1},"branchMap":{"0":{"type":"branch","line":13,"loc":{"start":{"line":13,"column":25},"end":{"line":21,"column":2}},"locations":[{"start":{"line":13,"column":25},"end":{"line":21,"column":2}}]},"1":{"type":"branch","line":17,"loc":{"start":{"line":17,"column":4},"end":{"line":20,"column":3}},"locations":[{"start":{"line":17,"column":4},"end":{"line":20,"column":3}}]},"2":{"type":"branch","line":24,"loc":{"start":{"line":24,"column":31},"end":{"line":35,"column":1}},"locations":[{"start":{"line":24,"column":31},"end":{"line":35,"column":1}}]},"3":{"type":"branch","line":31,"loc":{"start":{"line":31,"column":40},"end":{"line":33,"column":3}},"locations":[{"start":{"line":31,"column":40},"end":{"line":33,"column":3}}]},"4":{"type":"branch","line":33,"loc":{"start":{"line":33,"column":2},"end":{"line":35,"column":1}},"locations":[{"start":{"line":33,"column":2},"end":{"line":35,"column":1}}]},"5":{"type":"branch","line":39,"loc":{"start":{"line":39,"column":33},"end":{"line":51,"column":1}},"locations":[{"start":{"line":39,"column":33},"end":{"line":51,"column":1}}]},"6":{"type":"branch","line":43,"loc":{"start":{"line":43,"column":17},"end":{"line":48,"column":5}},"locations":[{"start":{"line":43,"column":17},"end":{"line":48,"column":5}}]},"7":{"type":"branch","line":46,"loc":{"start":{"line":46,"column":26},"end":{"line":46,"column":35}},"locations":[{"start":{"line":46,"column":26},"end":{"line":46,"column":35}}]},"8":{"type":"branch","line":53,"loc":{"start":{"line":53,"column":31},"end":{"line":63,"column":1}},"locations":[{"start":{"line":53,"column":31},"end":{"line":63,"column":1}}]},"9":{"type":"branch","line":54,"loc":{"start":{"line":54,"column":30},"end":{"line":56,"column":3}},"locations":[{"start":{"line":54,"column":30},"end":{"line":56,"column":3}}]},"10":{"type":"branch","line":67,"loc":{"start":{"line":67,"column":36},"end":{"line":93,"column":2}},"locations":[{"start":{"line":67,"column":36},"end":{"line":93,"column":2}}]},"11":{"type":"branch","line":69,"loc":{"start":{"line":69,"column":37},"end":{"line":71,"column":3}},"locations":[{"start":{"line":69,"column":37},"end":{"line":71,"column":3}}]},"12":{"type":"branch","line":74,"loc":{"start":{"line":74,"column":32},"end":{"line":76,"column":3}},"locations":[{"start":{"line":74,"column":32},"end":{"line":76,"column":3}}]},"13":{"type":"branch","line":79,"loc":{"start":{"line":79,"column":41},"end":{"line":81,"column":3}},"locations":[{"start":{"line":79,"column":41},"end":{"line":81,"column":3}}]},"14":{"type":"branch","line":87,"loc":{"start":{"line":87,"column":33},"end":{"line":89,"column":3}},"locations":[{"start":{"line":87,"column":33},"end":{"line":89,"column":3}}]}},"b":{"0":[9],"1":[2],"2":[4],"3":[3],"4":[1],"5":[2],"6":[68],"7":[60],"8":[3],"9":[0],"10":[1],"11":[0],"12":[0],"13":[0],"14":[0]},"fnMap":{"0":{"name":"fetchHTML","decl":{"start":{"line":13,"column":25},"end":{"line":21,"column":2}},"loc":{"start":{"line":13,"column":25},"end":{"line":21,"column":2}},"line":13},"1":{"name":"getPlantPageUrl","decl":{"start":{"line":24,"column":31},"end":{"line":35,"column":1}},"loc":{"start":{"line":24,"column":31},"end":{"line":35,"column":1}},"line":24},"2":{"name":"getPlantTableData","decl":{"start":{"line":39,"column":33},"end":{"line":51,"column":1}},"loc":{"start":{"line":39,"column":33},"end":{"line":51,"column":1}},"line":39},"3":{"name":"buildSearchUrl","decl":{"start":{"line":53,"column":31},"end":{"line":63,"column":1}},"loc":{"start":{"line":53,"column":31},"end":{"line":63,"column":1}},"line":53},"4":{"name":"getPlantByTextSearch","decl":{"start":{"line":67,"column":36},"end":{"line":93,"column":2}},"loc":{"start":{"line":67,"column":36},"end":{"line":93,"column":2}},"line":67}},"f":{"0":9,"1":4,"2":2,"3":3,"4":1}}
}
